
Inconsistência! O DigestValue da NFe não combina com o do digVal do protocolo indicado!

Inconsistência! O DigestValue da NFe não combina com o do digVal do protocolo indicado!

Inconsistência! O DigestValue da NFe não combina com o do digVal do protocolo indicado!

Inconsistência! O DigestValue da NFe não combina com o do digVal do protocolo indicado!

Inconsistência! O DigestValue da NFe não combina com o do digVal do protocolo indicado!

Inconsistência! O DigestValue da NFe não combina com o do digVal do protocolo indicado!

Inconsistência! O DigestValue da NFe não combina com o do digVal do protocolo indicado!

Inconsistência! O DigestValue da NFe não combina com o do digVal do protocolo indicado!

Inconsistência! O DigestValue da NFe não combina com o do digVal do protocolo indicado!

Inconsistência! O DigestValue da NFe não combina com o do digVal do protocolo indicado!

SSL connection timeout0
Nao houve retorno Soap verifique a mensagem de erro e o debug!!
Erro no envio do lote de NFe!!

Could not resolve host: homologacao.nfe.fazenda.sp.gov.br; Host not found0
Nao houve retorno Soap verifique a mensagem de erro e o debug!!
Erro no envio do lote de NFe!!

Erro na consulta do lote !!
999
Erro na consulta do lote !!
999
Inconsistência! O DigestValue da NFe não combina com o do digVal do protocolo indicado!

Inconsistência! O DigestValue da NFe não combina com o do digVal do protocolo indicado!

Inconsistência! O DigestValue da NFe não combina com o do digVal do protocolo indicado!

Inconsistência! O DigestValue da NFe não combina com o do digVal do protocolo indicado!

Inconsistência! O DigestValue da NFe não combina com o do digVal do protocolo indicado!

Inconsistência! O DigestValue da NFe não combina com o do digVal do protocolo indicado!

Inconsistência! O DigestValue da NFe não combina com o do digVal do protocolo indicado!

Inconsistência! O DigestValue da NFe não combina com o do digVal do protocolo indicado!

Inconsistência! O DigestValue da NFe não combina com o do digVal do protocolo indicado!

Inconsistência! O DigestValue da NFe não combina com o do digVal do protocolo indicado!

Inconsistência! O DigestValue da NFe não combina com o do digVal do protocolo indicado!

Inconsistência! O DigestValue da NFe não combina com o do digVal do protocolo indicado!

Inconsistência! O DigestValue da NFe não combina com o do digVal do protocolo indicado!

Inconsistência! O DigestValue da NFe não combina com o do digVal do protocolo indicado!

Inconsistência! O DigestValue da NFe não combina com o do digVal do protocolo indicado!

Erro na consulta do lote !!
999
Inconsistência! O DigestValue da NFe não combina com o do digVal do protocolo indicado!

Inconsistência! O DigestValue da NFe não combina com o do digVal do protocolo indicado!

Inconsistência! O DigestValue da NFe não combina com o do digVal do protocolo indicado!

Inconsistência! O DigestValue da NFe não combina com o do digVal do protocolo indicado!

Inconsistência! O DigestValue da NFe não combina com o do digVal do protocolo indicado!

Erro na consulta do lote !!
999
Erro na consulta do lote !!
999
Inconsistência! O DigestValue da NFe não combina com o do digVal do protocolo indicado!

Inconsistência! O DigestValue da NFe não combina com o do digVal do protocolo indicado!

Inconsistência! O DigestValue da NFe não combina com o do digVal do protocolo indicado!

Inconsistência! O DigestValue da NFe não combina com o do digVal do protocolo indicado!

Inconsistência! O DigestValue da NFe não combina com o do digVal do protocolo indicado!

Erro na consulta do lote !!
999
Inconsistência! O DigestValue da NFe não combina com o do digVal do protocolo indicado!

Inconsistência! O DigestValue da NFe não combina com o do digVal do protocolo indicado!

Inconsistência! O DigestValue da NFe não combina com o do digVal do protocolo indicado!

Inconsistência! O DigestValue da NFe não combina com o do digVal do protocolo indicado!

Inconsistência! O DigestValue da NFe não combina com o do digVal do protocolo indicado!

Inconsistência! O DigestValue da NFe não combina com o do digVal do protocolo indicado!

Inconsistência! O DigestValue da NFe não combina com o do digVal do protocolo indicado!

Inconsistência! O DigestValue da NFe não combina com o do digVal do protocolo indicado!

Inconsistência! O DigestValue da NFe não combina com o do digVal do protocolo indicado!

Inconsistência! O DigestValue da NFe não combina com o do digVal do protocolo indicado!

Inconsistência! O DigestValue da NFe não combina com o do digVal do protocolo indicado!

Inconsistência! O DigestValue da NFe não combina com o do digVal do protocolo indicado!

Inconsistência! O DigestValue da NFe não combina com o do digVal do protocolo indicado!

Inconsistência! O DigestValue da NFe não combina com o do digVal do protocolo indicado!

Inconsistência! O DigestValue da NFe não combina com o do digVal do protocolo indicado!

Inconsistência! O DigestValue da NFe não combina com o do digVal do protocolo indicado!

Inconsistência! O DigestValue da NFe não combina com o do digVal do protocolo indicado!

Inconsistência! O DigestValue da NFe não combina com o do digVal do protocolo indicado!

Inconsistência! O DigestValue da NFe não combina com o do digVal do protocolo indicado!

Inconsistência! O DigestValue da NFe não combina com o do digVal do protocolo indicado!

Inconsistência! O DigestValue da NFe não combina com o do digVal do protocolo indicado!

Inconsistência! O DigestValue da NFe não combina com o do digVal do protocolo indicado!

Inconsistência! O DigestValue da NFe não combina com o do digVal do protocolo indicado!

Inconsistência! O DigestValue da NFe não combina com o do digVal do protocolo indicado!

Inconsistência! O DigestValue da NFe não combina com o do digVal do protocolo indicado!

Inconsistência! O DigestValue da NFe não combina com o do digVal do protocolo indicado!

Inconsistência! O DigestValue da NFe não combina com o do digVal do protocolo indicado!

Inconsistência! O DigestValue da NFe não combina com o do digVal do protocolo indicado!

Inconsistência! O DigestValue da NFe não combina com o do digVal do protocolo indicado!

Inconsistência! O DigestValue da NFe não combina com o do digVal do protocolo indicado!

Inconsistência! O DigestValue da NFe não combina com o do digVal do protocolo indicado!

Inconsistência! O DigestValue da NFe não combina com o do digVal do protocolo indicado!

Inconsistência! O DigestValue da NFe não combina com o do digVal do protocolo indicado!

Inconsistência! O DigestValue da NFe não combina com o do digVal do protocolo indicado!

Inconsistência! O DigestValue da NFe não combina com o do digVal do protocolo indicado!

Erro na consulta do lote !!
999
Inconsistência! O DigestValue da NFe não combina com o do digVal do protocolo indicado!

Inconsistência! O DigestValue da NFe não combina com o do digVal do protocolo indicado!

Inconsistência! O DigestValue da NFe não combina com o do digVal do protocolo indicado!

Inconsistência! O DigestValue da NFe não combina com o do digVal do protocolo indicado!

Inconsistência! O DigestValue da NFe não combina com o do digVal do protocolo indicado!

Inconsistência! O DigestValue da NFe não combina com o do digVal do protocolo indicado!

Inconsistência! O DigestValue da NFe não combina com o do digVal do protocolo indicado!

Inconsistência! O DigestValue da NFe não combina com o do digVal do protocolo indicado!

Inconsistência! O DigestValue da NFe não combina com o do digVal do protocolo indicado!

Inconsistência! O DigestValue da NFe não combina com o do digVal do protocolo indicado!

Inconsistência! O DigestValue da NFe não combina com o do digVal do protocolo indicado!

Inconsistência! O DigestValue da NFe não combina com o do digVal do protocolo indicado!

Inconsistência! O DigestValue da NFe não combina com o do digVal do protocolo indicado!

Inconsistência! O DigestValue da NFe não combina com o do digVal do protocolo indicado!

Inconsistência! O DigestValue da NFe não combina com o do digVal do protocolo indicado!

Inconsistência! O DigestValue da NFe não combina com o do digVal do protocolo indicado!

Inconsistência! O DigestValue da NFe não combina com o do digVal do protocolo indicado!

Inconsistência! O DigestValue da NFe não combina com o do digVal do protocolo indicado!

Inconsistência! O DigestValue da NFe não combina com o do digVal do protocolo indicado!

Inconsistência! O DigestValue da NFe não combina com o do digVal do protocolo indicado!

Inconsistência! O DigestValue da NFe não combina com o do digVal do protocolo indicado!

Inconsistência! O DigestValue da NFe não combina com o do digVal do protocolo indicado!

Inconsistência! O DigestValue da NFe não combina com o do digVal do protocolo indicado!

Inconsistência! O DigestValue da NFe não combina com o do digVal do protocolo indicado!

Inconsistência! O DigestValue da NFe não combina com o do digVal do protocolo indicado!

Inconsistência! O DigestValue da NFe não combina com o do digVal do protocolo indicado!

Inconsistência! O DigestValue da NFe não combina com o do digVal do protocolo indicado!

Inconsistência! O DigestValue da NFe não combina com o do digVal do protocolo indicado!

Inconsistência! O DigestValue da NFe não combina com o do digVal do protocolo indicado!

Inconsistência! O DigestValue da NFe não combina com o do digVal do protocolo indicado!

Inconsistência! O DigestValue da NFe não combina com o do digVal do protocolo indicado!

Inconsistência! O DigestValue da NFe não combina com o do digVal do protocolo indicado!

Inconsistência! O DigestValue da NFe não combina com o do digVal do protocolo indicado!

Inconsistência! O DigestValue da NFe não combina com o do digVal do protocolo indicado!

Inconsistência! O DigestValue da NFe não combina com o do digVal do protocolo indicado!

Unknown SSL protocol error in connection to homologacao.nfe.fazenda.sp.gov.br:443 0
Nao houve retorno Soap verifique a mensagem de erro e o debug!!
Erro no envio do lote de NFe!!

Inconsistência! O DigestValue da NFe não combina com o do digVal do protocolo indicado!

Inconsistência! O DigestValue da NFe não combina com o do digVal do protocolo indicado!

SSL connection timeout0
Nao houve retorno Soap verifique a mensagem de erro e o debug!!
Erro no envio do lote de NFe!!

Inconsistência! O DigestValue da NFe não combina com o do digVal do protocolo indicado!

Inconsistência! O DigestValue da NFe não combina com o do digVal do protocolo indicado!

Inconsistência! O DigestValue da NFe não combina com o do digVal do protocolo indicado!

Inconsistência! O DigestValue da NFe não combina com o do digVal do protocolo indicado!

Inconsistência! O DigestValue da NFe não combina com o do digVal do protocolo indicado!

403Forbidden
O retorno nao contem cStat verifique o debug do soap !!
Erro no envio do lote de NFe!!

403Forbidden
O retorno nao contem cStat verifique o debug do soap !!
Erro no envio do lote de NFe!!

403Forbidden
O retorno nao contem cStat verifique o debug do soap !!
Erro no envio do lote de NFe!!

403Forbidden
O retorno nao contem cStat verifique o debug do soap !!
Erro no envio do lote de NFe!!

403Forbidden
O retorno nao contem cStat verifique o debug do soap !!
Erro no envio do lote de NFe!!

403Forbidden
O retorno nao contem cStat verifique o debug do soap !!
Erro no envio do lote de NFe!!

403Forbidden
O retorno nao contem cStat verifique o debug do soap !!
Erro no envio do lote de NFe!!

403Forbidden
O retorno nao contem cStat verifique o debug do soap !!
Erro no envio do lote de NFe!!

Inconsistência! O DigestValue da NFe não combina com o do digVal do protocolo indicado!

Inconsistência! O DigestValue da NFe não combina com o do digVal do protocolo indicado!

Inconsistência! O DigestValue da NFe não combina com o do digVal do protocolo indicado!

Inconsistência! O DigestValue da NFe não combina com o do digVal do protocolo indicado!

Inconsistência! O DigestValue da NFe não combina com o do digVal do protocolo indicado!

403Forbidden
O retorno nao contem cStat verifique o debug do soap !!
Erro no envio do lote de NFe!!

403Forbidden
O retorno nao contem cStat verifique o debug do soap !!
Erro no envio do lote de NFe!!

403Forbidden
O retorno nao contem cStat verifique o debug do soap !!
Erro no envio do lote de NFe!!

403Forbidden
O retorno nao contem cStat verifique o debug do soap !!
Erro no envio do lote de NFe!!

403Forbidden
O retorno nao contem cStat verifique o debug do soap !!
Erro no envio do lote de NFe!!

403Forbidden
O retorno nao contem cStat verifique o debug do soap !!
Erro no envio do lote de NFe!!

403Forbidden
O retorno nao contem cStat verifique o debug do soap !!
Erro no envio do lote de NFe!!

403Forbidden
O retorno nao contem cStat verifique o debug do soap !!
Erro no envio do lote de NFe!!

403Forbidden
O retorno nao contem cStat verifique o debug do soap !!
Erro no envio do lote de NFe!!

403Forbidden
O retorno nao contem cStat verifique o debug do soap !!
Erro no envio do lote de NFe!!

403Forbidden
O retorno nao contem cStat verifique o debug do soap !!
Erro no envio do lote de NFe!!

403Forbidden
O retorno nao contem cStat verifique o debug do soap !!
Erro no envio do lote de NFe!!

403Forbidden
O retorno nao contem cStat verifique o debug do soap !!
Erro no envio do lote de NFe!!

403Forbidden
O retorno nao contem cStat verifique o debug do soap !!
Erro no envio do lote de NFe!!

403Forbidden
O retorno nao contem cStat verifique o debug do soap !!
Erro no envio do lote de NFe!!

Inconsistência! O DigestValue da NFe não combina com o do digVal do protocolo indicado!

Inconsistência! O DigestValue da NFe não combina com o do digVal do protocolo indicado!

Inconsistência! O DigestValue da NFe não combina com o do digVal do protocolo indicado!

Inconsistência! O DigestValue da NFe não combina com o do digVal do protocolo indicado!

Inconsistência! O DigestValue da NFe não combina com o do digVal do protocolo indicado!

couldn't connect to host0
Nao houve retorno Soap verifique a mensagem de erro e o debug!!
Erro no envio do lote de NFe!!

Inconsistência! O DigestValue da NFe não combina com o do digVal do protocolo indicado!

Inconsistência! O DigestValue da NFe não combina com o do digVal do protocolo indicado!

SSL connection timeout0
Nao houve retorno Soap verifique a mensagem de erro e o debug!!
Erro no envio do lote de NFe!!

Inconsistência! O DigestValue da NFe não combina com o do digVal do protocolo indicado!

Inconsistência! O DigestValue da NFe não combina com o do digVal do protocolo indicado!

Inconsistência! O DigestValue da NFe não combina com o do digVal do protocolo indicado!

Inconsistência! O DigestValue da NFe não combina com o do digVal do protocolo indicado!

Inconsistência! O DigestValue da NFe não combina com o do digVal do protocolo indicado!

Inconsistência! O DigestValue da NFe não combina com o do digVal do protocolo indicado!

Inconsistência! O DigestValue da NFe não combina com o do digVal do protocolo indicado!

Inconsistência! O DigestValue da NFe não combina com o do digVal do protocolo indicado!

Erro na consulta do lote !!
999
Inconsistência! O DigestValue da NFe não combina com o do digVal do protocolo indicado!

Inconsistência! O DigestValue da NFe não combina com o do digVal do protocolo indicado!

Inconsistência! O DigestValue da NFe não combina com o do digVal do protocolo indicado!

Inconsistência! O DigestValue da NFe não combina com o do digVal do protocolo indicado!

Inconsistência! O DigestValue da NFe não combina com o do digVal do protocolo indicado!

Inconsistência! O DigestValue da NFe não combina com o do digVal do protocolo indicado!

Inconsistência! O DigestValue da NFe não combina com o do digVal do protocolo indicado!

Inconsistência! O DigestValue da NFe não combina com o do digVal do protocolo indicado!

Inconsistência! O DigestValue da NFe não combina com o do digVal do protocolo indicado!

Inconsistência! O DigestValue da NFe não combina com o do digVal do protocolo indicado!

Inconsistência! O DigestValue da NFe não combina com o do digVal do protocolo indicado!

Inconsistência! O DigestValue da NFe não combina com o do digVal do protocolo indicado!

Inconsistência! O DigestValue da NFe não combina com o do digVal do protocolo indicado!

Inconsistência! O DigestValue da NFe não combina com o do digVal do protocolo indicado!

Inconsistência! O DigestValue da NFe não combina com o do digVal do protocolo indicado!

Inconsistência! O DigestValue da NFe não combina com o do digVal do protocolo indicado!

Inconsistência! O DigestValue da NFe não combina com o do digVal do protocolo indicado!

Inconsistência! O DigestValue da NFe não combina com o do digVal do protocolo indicado!

Inconsistência! O DigestValue da NFe não combina com o do digVal do protocolo indicado!

Inconsistência! O DigestValue da NFe não combina com o do digVal do protocolo indicado!

Inconsistência! O DigestValue da NFe não combina com o do digVal do protocolo indicado!

Inconsistência! O DigestValue da NFe não combina com o do digVal do protocolo indicado!

Inconsistência! O DigestValue da NFe não combina com o do digVal do protocolo indicado!

Inconsistência! O DigestValue da NFe não combina com o do digVal do protocolo indicado!

Inconsistência! O DigestValue da NFe não combina com o do digVal do protocolo indicado!

Inconsistência! O DigestValue da NFe não combina com o do digVal do protocolo indicado!

Inconsistência! O DigestValue da NFe não combina com o do digVal do protocolo indicado!

Inconsistência! O DigestValue da NFe não combina com o do digVal do protocolo indicado!

Inconsistência! O DigestValue da NFe não combina com o do digVal do protocolo indicado!

Inconsistência! O DigestValue da NFe não combina com o do digVal do protocolo indicado!

Inconsistência! O DigestValue da NFe não combina com o do digVal do protocolo indicado!

Inconsistência! O DigestValue da NFe não combina com o do digVal do protocolo indicado!

Inconsistência! O DigestValue da NFe não combina com o do digVal do protocolo indicado!

Inconsistência! O DigestValue da NFe não combina com o do digVal do protocolo indicado!

Inconsistência! O DigestValue da NFe não combina com o do digVal do protocolo indicado!

Inconsistência! O DigestValue da NFe não combina com o do digVal do protocolo indicado!

Inconsistência! O DigestValue da NFe não combina com o do digVal do protocolo indicado!

Inconsistência! O DigestValue da NFe não combina com o do digVal do protocolo indicado!

Inconsistência! O DigestValue da NFe não combina com o do digVal do protocolo indicado!

Inconsistência! O DigestValue da NFe não combina com o do digVal do protocolo indicado!

Inconsistência! O DigestValue da NFe não combina com o do digVal do protocolo indicado!

Inconsistência! O DigestValue da NFe não combina com o do digVal do protocolo indicado!

Inconsistência! O DigestValue da NFe não combina com o do digVal do protocolo indicado!

Inconsistência! O DigestValue da NFe não combina com o do digVal do protocolo indicado!

Inconsistência! O DigestValue da NFe não combina com o do digVal do protocolo indicado!

Erro na consulta do lote !!
999
Inconsistência! O DigestValue da NFe não combina com o do digVal do protocolo indicado!

Inconsistência! O DigestValue da NFe não combina com o do digVal do protocolo indicado!

Inconsistência! O DigestValue da NFe não combina com o do digVal do protocolo indicado!

Inconsistência! O DigestValue da NFe não combina com o do digVal do protocolo indicado!

Inconsistência! O DigestValue da NFe não combina com o do digVal do protocolo indicado!

Inconsistência! O DigestValue da NFe não combina com o do digVal do protocolo indicado!

Inconsistência! O DigestValue da NFe não combina com o do digVal do protocolo indicado!

Inconsistência! O DigestValue da NFe não combina com o do digVal do protocolo indicado!

Inconsistência! O DigestValue da NFe não combina com o do digVal do protocolo indicado!

Inconsistência! O DigestValue da NFe não combina com o do digVal do protocolo indicado!

Inconsistência! O DigestValue da NFe não combina com o do digVal do protocolo indicado!

Inconsistência! O DigestValue da NFe não combina com o do digVal do protocolo indicado!

Inconsistência! O DigestValue da NFe não combina com o do digVal do protocolo indicado!

Inconsistência! O DigestValue da NFe não combina com o do digVal do protocolo indicado!

Inconsistência! O DigestValue da NFe não combina com o do digVal do protocolo indicado!

Inconsistência! O DigestValue da NFe não combina com o do digVal do protocolo indicado!

Inconsistência! O DigestValue da NFe não combina com o do digVal do protocolo indicado!

Inconsistência! O DigestValue da NFe não combina com o do digVal do protocolo indicado!

Inconsistência! O DigestValue da NFe não combina com o do digVal do protocolo indicado!

Inconsistência! O DigestValue da NFe não combina com o do digVal do protocolo indicado!

Erro na consulta do lote !!
999
Inconsistência! O DigestValue da NFe não combina com o do digVal do protocolo indicado!

Inconsistência! O DigestValue da NFe não combina com o do digVal do protocolo indicado!

Inconsistência! O DigestValue da NFe não combina com o do digVal do protocolo indicado!

Inconsistência! O DigestValue da NFe não combina com o do digVal do protocolo indicado!

Inconsistência! O DigestValue da NFe não combina com o do digVal do protocolo indicado!

Erro na consulta do lote !!
999
Inconsistência! O DigestValue da NFe não combina com o do digVal do protocolo indicado!

Inconsistência! O DigestValue da NFe não combina com o do digVal do protocolo indicado!

Inconsistência! O DigestValue da NFe não combina com o do digVal do protocolo indicado!

Inconsistência! O DigestValue da NFe não combina com o do digVal do protocolo indicado!

Inconsistência! O DigestValue da NFe não combina com o do digVal do protocolo indicado!

Inconsistência! O DigestValue da NFe não combina com o do digVal do protocolo indicado!

Inconsistência! O DigestValue da NFe não combina com o do digVal do protocolo indicado!

Inconsistência! O DigestValue da NFe não combina com o do digVal do protocolo indicado!

Inconsistência! O DigestValue da NFe não combina com o do digVal do protocolo indicado!

Inconsistência! O DigestValue da NFe não combina com o do digVal do protocolo indicado!
